<?xml version="1.0" encoding="UTF-8"?>
<!-- Generated by org.testng.reporters.JUnitReportReporter -->
<testsuite hostname="DESKTOP-UTDJ6M5" failures="0" tests="2" name="koelTestsMozillaYK.LoginToKoel" time="15.520" errors="0" timestamp="11 авг. 2020 03:11:44 GMT" skipped="0">
  <testcase classname="koelTestsMozillaYK.LoginToKoel" name="loginFail" time="7.615"/>
  <testcase classname="koelTestsMozillaYK.LoginToKoel" name="loginPass" time="7.905"/>
</testsuite> <!-- koelTestsMozillaYK.LoginToKoel -->
